Vivado Simulator 2020.2
Copyright 1986-1999, 2001-2020 Xilinx, Inc. All Rights Reserved.
Running: E:/Xilinx/Vivado/2020.2/bin/unwrapped/win64.o/xelab.exe -wto d9a8cede218c44ce8d50c702ec763327 --incr --debug typical --relax --mt 2 --maxdelay -L xil_defaultlib -L simprims_ver -L secureip --snapshot decoder_test_time_impl -transport_int_delays -pulse_r 0 -pulse_int_r 0 -pulse_e 0 -pulse_int_e 0 xil_defaultlib.decoder_test xil_defaultlib.glbl -log elaborate.log 
Using 2 slave threads.
Starting static elaboration
Pass Through NonSizing Optimizer
Completed static elaboration
Starting simulation data flow analysis
Completed simulation data flow analysis
INFO: [XSIM 43-3451] SDF backannotation process started with SDF file "decoder_test_time_impl.sdf", for root module "decoder_test/DUT2".
INFO: [XSIM 43-3452] SDF backannotation was successful for SDF file "decoder_test_time_impl.sdf", for root module "decoder_test/DUT2".
Time Resolution for simulation is 1ps
Compiling module simprims_ver.IBUF
Compiling module simprims_ver.OBUF
Compiling module simprims_ver.x_lut3_mux8
Compiling module simprims_ver.LUT3
Compiling module xil_defaultlib.decoder
Compiling module xil_defaultlib.decoder_test
Compiling module xil_defaultlib.glbl
Built simulation snapshot decoder_test_time_impl
